This file contains any messages produced by compilers while
running configure, to aid debugging if configure makes a mistake.

It was created by TelSeq configure 0.0.1, which was
generated by GNU Autoconf 2.69.  Invocation command line was

  $ ./configure --with-bamtools=/Users/zd1/opt/software/bamtools-2.3.0

## --------- ##
## Platform. ##
## --------- ##

hostname = mib101780i
uname -m = x86_64
uname -r = 12.4.0
uname -s = Darwin
uname -v = Darwin Kernel Version 12.4.0: Wed May  1 17:57:12 PDT 2013; root:xnu-2050.24.15~1/RELEASE_X86_64

/usr/bin/uname -p = i386
/bin/uname -X     = unknown

/bin/arch              = unknown
/usr/bin/arch -k       = unknown
/usr/convex/getsysinfo = unknown
/usr/bin/hostinfo      = Mach kernel version:
	 Darwin Kernel Version 12.4.0: Wed May  1 17:57:12 PDT 2013; root:xnu-2050.24.15~1/RELEASE_X86_64
Kernel configured for up to 2 processors.
2 processors are physically available.
2 processors are logically available.
Processor type: i486 (Intel 80486)
Processors active: 0 1
Primary memory available: 8.00 gigabytes
Default processor set: 149 tasks, 859 threads, 2 processors
Load average: 1.65, Mach factor: 1.08
/bin/machine           = unknown
/usr/bin/oslevel       = unknown
/bin/universe          = unknown

PATH: /Users/zd1/bin
PATH: /Users/zd1/opt/vmypy/bin
PATH: /Users/zd1/opt/bin
PATH: /Users/zd1/Software/homebrew/bin
PATH: /usr/bin
PATH: /bin
PATH: /usr/sbin
PATH: /sbin
PATH: /usr/local/bin
PATH: /opt/X11/bin
PATH: /usr/local/git/bin
PATH: /usr/local/munki
PATH: /usr/texbin


## ----------- ##
## Core tests. ##
## ----------- ##

configure:2133: checking for a BSD-compatible install
configure:2201: result: /usr/bin/install -c
configure:2212: checking whether build environment is sane
configure:2267: result: yes
configure:2418: checking for a thread-safe mkdir -p
configure:2457: result: ./install-sh -c -d
configure:2464: checking for gawk
configure:2494: result: no
configure:2464: checking for mawk
configure:2494: result: no
configure:2464: checking for nawk
configure:2494: result: no
configure:2464: checking for awk
configure:2480: found /usr/bin/awk
configure:2491: result: awk
configure:2502: checking whether make sets $(MAKE)
configure:2524: result: yes
configure:2553: checking whether make supports nested variables
configure:2570: result: yes
configure:2748: checking for gcc
configure:2764: found /usr/bin/gcc
configure:2775: result: gcc
configure:3004: checking for C compiler version
configure:3013: gcc --version >&5
i686-apple-darwin11-llvm-gcc-4.2 (GCC) 4.2.1 (Based on Apple Inc. build 5658) (LLVM build 2336.11.00)
Copyright (C) 2007 Free Software Foundation, Inc.
This is free software; see the source for copying conditions.  There is NO
warranty; not even for MERCHANTABILITY or FITNESS FOR A PARTICULAR PURPOSE.

configure:3024: $? = 0
configure:3013: gcc -v >&5
Using built-in specs.
Target: i686-apple-darwin11
Configured with: /private/var/tmp/llvmgcc42/llvmgcc42-2336.11~28/src/configure --disable-checking --enable-werror --prefix=/Applications/Xcode.app/Contents/Developer/usr/llvm-gcc-4.2 --mandir=/share/man --enable-languages=c,objc,c++,obj-c++ --program-prefix=llvm- --program-transform-name=/^[cg][^.-]*$/s/$/-4.2/ --with-slibdir=/usr/lib --build=i686-apple-darwin11 --enable-llvm=/private/var/tmp/llvmgcc42/llvmgcc42-2336.11~28/dst-llvmCore/Developer/usr/local --program-prefix=i686-apple-darwin11- --host=x86_64-apple-darwin11 --target=i686-apple-darwin11 --with-gxx-include-dir=/usr/include/c++/4.2.1
Thread model: posix
gcc version 4.2.1 (Based on Apple Inc. build 5658) (LLVM build 2336.11.00)
configure:3024: $? = 0
configure:3013: gcc -V >&5
llvm-gcc-4.2: argument to `-V' is missing
configure:3024: $? = 1
configure:3013: gcc -qversion >&5
i686-apple-darwin11-llvm-gcc-4.2: no input files
configure:3024: $? = 1
configure:3044: checking whether the C compiler works
configure:3066: gcc    conftest.c  >&5
configure:3070: $? = 0
configure:3118: result: yes
configure:3121: checking for C compiler default output file name
configure:3123: result: a.out
configure:3129: checking for suffix of executables
configure:3136: gcc -o conftest    conftest.c  >&5
configure:3140: $? = 0
configure:3162: result: 
configure:3184: checking whether we are cross compiling
configure:3192: gcc -o conftest    conftest.c  >&5
configure:3196: $? = 0
configure:3203: ./conftest
configure:3207: $? = 0
configure:3222: result: no
configure:3227: checking for suffix of object files
configure:3249: gcc -c   conftest.c >&5
configure:3253: $? = 0
configure:3274: result: o
configure:3278: checking whether we are using the GNU C compiler
configure:3297: gcc -c   conftest.c >&5
configure:3297: $? = 0
configure:3306: result: yes
configure:3315: checking whether gcc accepts -g
configure:3335: gcc -c -g  conftest.c >&5
configure:3335: $? = 0
configure:3376: result: yes
configure:3393: checking for gcc option to accept ISO C89
configure:3456: gcc  -c -g -O2  conftest.c >&5
configure:3456: $? = 0
configure:3469: result: none needed
configure:3494: checking whether gcc understands -c and -o together
configure:3516: gcc -c conftest.c -o conftest2.o
configure:3519: $? = 0
configure:3516: gcc -c conftest.c -o conftest2.o
configure:3519: $? = 0
configure:3531: result: yes
configure:3559: checking for style of include used by make
configure:3587: result: GNU
configure:3613: checking dependency style of gcc
configure:3724: result: gcc3
configure:3797: checking for g++
configure:3813: found /usr/bin/g++
configure:3824: result: g++
configure:3851: checking for C++ compiler version
configure:3860: g++ --version >&5
i686-apple-darwin11-llvm-g++-4.2 (GCC) 4.2.1 (Based on Apple Inc. build 5658) (LLVM build 2336.11.00)
Copyright (C) 2007 Free Software Foundation, Inc.
This is free software; see the source for copying conditions.  There is NO
warranty; not even for MERCHANTABILITY or FITNESS FOR A PARTICULAR PURPOSE.

configure:3871: $? = 0
configure:3860: g++ -v >&5
Using built-in specs.
Target: i686-apple-darwin11
Configured with: /private/var/tmp/llvmgcc42/llvmgcc42-2336.11~28/src/configure --disable-checking --enable-werror --prefix=/Applications/Xcode.app/Contents/Developer/usr/llvm-gcc-4.2 --mandir=/share/man --enable-languages=c,objc,c++,obj-c++ --program-prefix=llvm- --program-transform-name=/^[cg][^.-]*$/s/$/-4.2/ --with-slibdir=/usr/lib --build=i686-apple-darwin11 --enable-llvm=/private/var/tmp/llvmgcc42/llvmgcc42-2336.11~28/dst-llvmCore/Developer/usr/local --program-prefix=i686-apple-darwin11- --host=x86_64-apple-darwin11 --target=i686-apple-darwin11 --with-gxx-include-dir=/usr/include/c++/4.2.1
Thread model: posix
gcc version 4.2.1 (Based on Apple Inc. build 5658) (LLVM build 2336.11.00)
configure:3871: $? = 0
configure:3860: g++ -V >&5
llvm-g++-4.2: argument to `-V' is missing
configure:3871: $? = 1
configure:3860: g++ -qversion >&5
i686-apple-darwin11-llvm-g++-4.2: no input files
configure:3871: $? = 1
configure:3875: checking whether we are using the GNU C++ compiler
configure:3894: g++ -c   conftest.cpp >&5
configure:3894: $? = 0
configure:3903: result: yes
configure:3912: checking whether g++ accepts -g
configure:3932: g++ -c -g  conftest.cpp >&5
configure:3932: $? = 0
configure:3973: result: yes
configure:3998: checking dependency style of g++
configure:4109: result: gcc3
configure:4167: checking for ranlib
configure:4183: found /usr/bin/ranlib
configure:4194: result: ranlib
configure:4252: "CPPFLAGS is  -I/Users/zd1/opt/software/bamtools-2.3.0/include -I/Users/zd1/opt/software/bamtools-2.3.0/include/bamtools "
configure:4254: "LDFLAGS is -Wl,-rpath,/Users/zd1/opt/software/bamtools-2.3.0/lib -L/Users/zd1/opt/software/bamtools-2.3.0/lib -Wl,-rpath,/Users/zd1/opt/software/bamtools-2.3.0/lib/bamtools -L/Users/zd1/opt/software/bamtools-2.3.0/lib/bamtools  "
configure:4261: "LIBS is  -lbamtools"
configure:4271: checking how to run the C++ preprocessor
configure:4298: g++ -E  -I/Users/zd1/opt/software/bamtools-2.3.0/include -I/Users/zd1/opt/software/bamtools-2.3.0/include/bamtools  conftest.cpp
configure:4298: $? = 0
configure:4312: g++ -E  -I/Users/zd1/opt/software/bamtools-2.3.0/include -I/Users/zd1/opt/software/bamtools-2.3.0/include/bamtools  conftest.cpp
conftest.cpp:11:28: error: ac_nonexistent.h: No such file or directory
configure:4312: $? = 1
configure: failed program was:
| /* confdefs.h */
| #define PACKAGE_NAME "TelSeq"
| #define PACKAGE_TARNAME "telseq"
| #define PACKAGE_VERSION "0.0.1"
| #define PACKAGE_STRING "TelSeq 0.0.1"
| #define PACKAGE_BUGREPORT "zd1@sanger.ac.uk"
| #define PACKAGE_URL ""
| #define PACKAGE "telseq"
| #define VERSION "0.0.1"
| /* end confdefs.h.  */
| #include <ac_nonexistent.h>
configure:4337: result: g++ -E
configure:4357: g++ -E  -I/Users/zd1/opt/software/bamtools-2.3.0/include -I/Users/zd1/opt/software/bamtools-2.3.0/include/bamtools  conftest.cpp
configure:4357: $? = 0
configure:4371: g++ -E  -I/Users/zd1/opt/software/bamtools-2.3.0/include -I/Users/zd1/opt/software/bamtools-2.3.0/include/bamtools  conftest.cpp
conftest.cpp:11:28: error: ac_nonexistent.h: No such file or directory
configure:4371: $? = 1
configure: failed program was:
| /* confdefs.h */
| #define PACKAGE_NAME "TelSeq"
| #define PACKAGE_TARNAME "telseq"
| #define PACKAGE_VERSION "0.0.1"
| #define PACKAGE_STRING "TelSeq 0.0.1"
| #define PACKAGE_BUGREPORT "zd1@sanger.ac.uk"
| #define PACKAGE_URL ""
| #define PACKAGE "telseq"
| #define VERSION "0.0.1"
| /* end confdefs.h.  */
| #include <ac_nonexistent.h>
configure:4400: checking for grep that handles long lines and -e
configure:4458: result: /usr/bin/grep
configure:4463: checking for egrep
configure:4525: result: /usr/bin/grep -E
configure:4530: checking for ANSI C header files
configure:4550: g++ -c -O3  -I/Users/zd1/opt/software/bamtools-2.3.0/include -I/Users/zd1/opt/software/bamtools-2.3.0/include/bamtools  conftest.cpp >&5
configure:4550: $? = 0
configure:4623: g++ -o conftest -O3  -I/Users/zd1/opt/software/bamtools-2.3.0/include -I/Users/zd1/opt/software/bamtools-2.3.0/include/bamtools  -Wl,-rpath,/Users/zd1/opt/software/bamtools-2.3.0/lib -L/Users/zd1/opt/software/bamtools-2.3.0/lib -Wl,-rpath,/Users/zd1/opt/software/bamtools-2.3.0/lib/bamtools -L/Users/zd1/opt/software/bamtools-2.3.0/lib/bamtools   conftest.cpp  -lbamtools >&5
ld: warning: directory not found for option '-L/Users/zd1/opt/software/bamtools-2.3.0/lib/bamtools'
configure:4623: $? = 0
configure:4623: ./conftest
configure:4623: $? = 0
configure:4634: result: yes
configure:4647: checking for sys/types.h
configure:4647: g++ -c -O3  -I/Users/zd1/opt/software/bamtools-2.3.0/include -I/Users/zd1/opt/software/bamtools-2.3.0/include/bamtools  conftest.cpp >&5
configure:4647: $? = 0
configure:4647: result: yes
configure:4647: checking for sys/stat.h
configure:4647: g++ -c -O3  -I/Users/zd1/opt/software/bamtools-2.3.0/include -I/Users/zd1/opt/software/bamtools-2.3.0/include/bamtools  conftest.cpp >&5
configure:4647: $? = 0
configure:4647: result: yes
configure:4647: checking for stdlib.h
configure:4647: g++ -c -O3  -I/Users/zd1/opt/software/bamtools-2.3.0/include -I/Users/zd1/opt/software/bamtools-2.3.0/include/bamtools  conftest.cpp >&5
configure:4647: $? = 0
configure:4647: result: yes
configure:4647: checking for string.h
configure:4647: g++ -c -O3  -I/Users/zd1/opt/software/bamtools-2.3.0/include -I/Users/zd1/opt/software/bamtools-2.3.0/include/bamtools  conftest.cpp >&5
configure:4647: $? = 0
configure:4647: result: yes
configure:4647: checking for memory.h
configure:4647: g++ -c -O3  -I/Users/zd1/opt/software/bamtools-2.3.0/include -I/Users/zd1/opt/software/bamtools-2.3.0/include/bamtools  conftest.cpp >&5
configure:4647: $? = 0
configure:4647: result: yes
configure:4647: checking for strings.h
configure:4647: g++ -c -O3  -I/Users/zd1/opt/software/bamtools-2.3.0/include -I/Users/zd1/opt/software/bamtools-2.3.0/include/bamtools  conftest.cpp >&5
configure:4647: $? = 0
configure:4647: result: yes
configure:4647: checking for inttypes.h
configure:4647: g++ -c -O3  -I/Users/zd1/opt/software/bamtools-2.3.0/include -I/Users/zd1/opt/software/bamtools-2.3.0/include/bamtools  conftest.cpp >&5
configure:4647: $? = 0
configure:4647: result: yes
configure:4647: checking for stdint.h
configure:4647: g++ -c -O3  -I/Users/zd1/opt/software/bamtools-2.3.0/include -I/Users/zd1/opt/software/bamtools-2.3.0/include/bamtools  conftest.cpp >&5
configure:4647: $? = 0
configure:4647: result: yes
configure:4647: checking for unistd.h
configure:4647: g++ -c -O3  -I/Users/zd1/opt/software/bamtools-2.3.0/include -I/Users/zd1/opt/software/bamtools-2.3.0/include/bamtools  conftest.cpp >&5
configure:4647: $? = 0
configure:4647: result: yes
configure:4659: checking api/BamReader.h usability
configure:4659: g++ -c -O3  -I/Users/zd1/opt/software/bamtools-2.3.0/include -I/Users/zd1/opt/software/bamtools-2.3.0/include/bamtools  conftest.cpp >&5
configure:4659: $? = 0
configure:4659: result: yes
configure:4659: checking api/BamReader.h presence
configure:4659: g++ -E  -I/Users/zd1/opt/software/bamtools-2.3.0/include -I/Users/zd1/opt/software/bamtools-2.3.0/include/bamtools  conftest.cpp
configure:4659: $? = 0
configure:4659: result: yes
configure:4659: checking for api/BamReader.h
configure:4659: result: yes
configure:4781: checking that generated files are newer than configure
configure:4787: result: done
configure:4814: creating ./config.status

## ---------------------- ##
## Running config.status. ##
## ---------------------- ##

This file was extended by TelSeq config.status 0.0.1, which was
generated by GNU Autoconf 2.69.  Invocation command line was

  CONFIG_FILES    = 
  CONFIG_HEADERS  = 
  CONFIG_LINKS    = 
  CONFIG_COMMANDS = 
  $ ./config.status 

on mib101780i

config.status:863: creating Makefile
config.status:863: creating Telseq/Makefile
config.status:863: creating Util/Makefile
config.status:863: creating config.h
config.status:1092: executing depfiles commands

## ---------------- ##
## Cache variables. ##
## ---------------- ##

ac_cv_c_compiler_gnu=yes
ac_cv_cxx_compiler_gnu=yes
ac_cv_env_CCC_set=
ac_cv_env_CCC_value=
ac_cv_env_CC_set=
ac_cv_env_CC_value=
ac_cv_env_CFLAGS_set=
ac_cv_env_CFLAGS_value=
ac_cv_env_CPPFLAGS_set=
ac_cv_env_CPPFLAGS_value=
ac_cv_env_CXXCPP_set=
ac_cv_env_CXXCPP_value=
ac_cv_env_CXXFLAGS_set=
ac_cv_env_CXXFLAGS_value=
ac_cv_env_CXX_set=
ac_cv_env_CXX_value=
ac_cv_env_LDFLAGS_set=
ac_cv_env_LDFLAGS_value=
ac_cv_env_LIBS_set=
ac_cv_env_LIBS_value=
ac_cv_env_build_alias_set=
ac_cv_env_build_alias_value=
ac_cv_env_host_alias_set=
ac_cv_env_host_alias_value=
ac_cv_env_target_alias_set=
ac_cv_env_target_alias_value=
ac_cv_header_api_BamReader_h=yes
ac_cv_header_inttypes_h=yes
ac_cv_header_memory_h=yes
ac_cv_header_stdc=yes
ac_cv_header_stdint_h=yes
ac_cv_header_stdlib_h=yes
ac_cv_header_string_h=yes
ac_cv_header_strings_h=yes
ac_cv_header_sys_stat_h=yes
ac_cv_header_sys_types_h=yes
ac_cv_header_unistd_h=yes
ac_cv_objext=o
ac_cv_path_EGREP='/usr/bin/grep -E'
ac_cv_path_GREP=/usr/bin/grep
ac_cv_path_install='/usr/bin/install -c'
ac_cv_prog_AWK=awk
ac_cv_prog_CXXCPP='g++ -E'
ac_cv_prog_ac_ct_CC=gcc
ac_cv_prog_ac_ct_CXX=g++
ac_cv_prog_ac_ct_RANLIB=ranlib
ac_cv_prog_cc_c89=
ac_cv_prog_cc_g=yes
ac_cv_prog_cxx_g=yes
ac_cv_prog_make_make_set=yes
am_cv_CC_dependencies_compiler_type=gcc3
am_cv_CXX_dependencies_compiler_type=gcc3
am_cv_make_support_nested_variables=yes
am_cv_prog_cc_c_o=yes

## ----------------- ##
## Output variables. ##
## ----------------- ##

ACLOCAL='${SHELL} "/Users/zd1/Google Drive/PhD/workspace/telseq/src/missing" aclocal-1.14'
AMDEPBACKSLASH='\'
AMDEP_FALSE='#'
AMDEP_TRUE=''
AMTAR='$${TAR-tar}'
AM_BACKSLASH='\'
AM_CXXFLAGS='-Wall -Wextra -Werror -Wno-unknown-pragmas'
AM_DEFAULT_V='$(AM_DEFAULT_VERBOSITY)'
AM_DEFAULT_VERBOSITY='1'
AM_V='$(V)'
AUTOCONF='${SHELL} "/Users/zd1/Google Drive/PhD/workspace/telseq/src/missing" autoconf'
AUTOHEADER='${SHELL} "/Users/zd1/Google Drive/PhD/workspace/telseq/src/missing" autoheader'
AUTOMAKE='${SHELL} "/Users/zd1/Google Drive/PhD/workspace/telseq/src/missing" automake-1.14'
AWK='awk'
CC='gcc'
CCDEPMODE='depmode=gcc3'
CFLAGS='-O3'
CPPFLAGS=' -I/Users/zd1/opt/software/bamtools-2.3.0/include -I/Users/zd1/opt/software/bamtools-2.3.0/include/bamtools '
CXX='g++'
CXXCPP='g++ -E'
CXXDEPMODE='depmode=gcc3'
CXXFLAGS='-O3'
CYGPATH_W='echo'
DEFS='-DHAVE_CONFIG_H'
DEPDIR='.deps'
ECHO_C='\c'
ECHO_N=''
ECHO_T=''
EGREP='/usr/bin/grep -E'
EXEEXT=''
GREP='/usr/bin/grep'
INSTALL_DATA='${INSTALL} -m 644'
INSTALL_PROGRAM='${INSTALL}'
INSTALL_SCRIPT='${INSTALL}'
INSTALL_STRIP_PROGRAM='$(install_sh) -c -s'
LDFLAGS='-Wl,-rpath,/Users/zd1/opt/software/bamtools-2.3.0/lib -L/Users/zd1/opt/software/bamtools-2.3.0/lib -Wl,-rpath,/Users/zd1/opt/software/bamtools-2.3.0/lib/bamtools -L/Users/zd1/opt/software/bamtools-2.3.0/lib/bamtools  '
LIBOBJS=''
LIBS=' -lbamtools'
LTLIBOBJS=''
MAKEINFO='${SHELL} "/Users/zd1/Google Drive/PhD/workspace/telseq/src/missing" makeinfo'
MKDIR_P='./install-sh -c -d'
OBJEXT='o'
PACKAGE='telseq'
PACKAGE_BUGREPORT='zd1@sanger.ac.uk'
PACKAGE_NAME='TelSeq'
PACKAGE_STRING='TelSeq 0.0.1'
PACKAGE_TARNAME='telseq'
PACKAGE_URL=''
PACKAGE_VERSION='0.0.1'
PATH_SEPARATOR=':'
RANLIB='ranlib'
SET_MAKE=''
SHELL='/bin/sh'
STRIP=''
VERSION='0.0.1'
ac_ct_CC='gcc'
ac_ct_CXX='g++'
am__EXEEXT_FALSE=''
am__EXEEXT_TRUE='#'
am__fastdepCC_FALSE='#'
am__fastdepCC_TRUE=''
am__fastdepCXX_FALSE='#'
am__fastdepCXX_TRUE=''
am__include='include'
am__isrc=''
am__leading_dot='.'
am__nodep='_no'
am__quote=''
am__tar='$${TAR-tar} chof - "$$tardir"'
am__untar='$${TAR-tar} xf -'
bindir='${exec_prefix}/bin'
build_alias=''
datadir='${datarootdir}'
datarootdir='${prefix}/share'
docdir='${datarootdir}/doc/${PACKAGE_TARNAME}'
dvidir='${docdir}'
exec_prefix='${prefix}'
host_alias=''
htmldir='${docdir}'
includedir='${prefix}/include'
infodir='${datarootdir}/info'
install_sh='${SHELL} '\''/Users/zd1/Google Drive/PhD/workspace/telseq/src/install-sh'\'''
libdir='${exec_prefix}/lib'
libexecdir='${exec_prefix}/libexec'
localedir='${datarootdir}/locale'
localstatedir='${prefix}/var'
mandir='${datarootdir}/man'
mkdir_p='$(MKDIR_P)'
oldincludedir='/usr/include'
pdfdir='${docdir}'
prefix='/usr/local'
program_transform_name='s,x,x,'
psdir='${docdir}'
sbindir='${exec_prefix}/sbin'
sharedstatedir='${prefix}/com'
sysconfdir='${prefix}/etc'
target_alias=''

## ----------- ##
## confdefs.h. ##
## ----------- ##

/* confdefs.h */
#define PACKAGE_NAME "TelSeq"
#define PACKAGE_TARNAME "telseq"
#define PACKAGE_VERSION "0.0.1"
#define PACKAGE_STRING "TelSeq 0.0.1"
#define PACKAGE_BUGREPORT "zd1@sanger.ac.uk"
#define PACKAGE_URL ""
#define PACKAGE "telseq"
#define VERSION "0.0.1"
#define STDC_HEADERS 1
#define HAVE_SYS_TYPES_H 1
#define HAVE_SYS_STAT_H 1
#define HAVE_STDLIB_H 1
#define HAVE_STRING_H 1
#define HAVE_MEMORY_H 1
#define HAVE_STRINGS_H 1
#define HAVE_INTTYPES_H 1
#define HAVE_STDINT_H 1
#define HAVE_UNISTD_H 1

configure: exit 0
